1 http://redminecrm.com?campaign=nonprofit
2 kataggelia_16/katagellia_2016.xls
3 diagrafentes_16/index.html
4 eniaiosp_2016/20160923/index.html
5 eniaiosp_2016/20160906/index.html
6 eniaiosp_2016/20160804/index.html
7 eniaiosp_zero_2016/20160923/index.html
8 eniaiosp_zero_2016/20160906/index.html
9 eniaiosp_zero_2016/20160804/index.html
10 eniaiosd_2016/20160930/index.html
11 eniaiosd_2016/20160923/index.html
12 eniaiosd_2016/20160909/index.html
13 eniaiosd_2016/20160908/index.html
14 eniaiosd_2016/20160907/index.html
15 eniaiosd_2016/20160810/index.html
16 eniaiosd_2016/20160809/index.html
17 eniaiosd_2016/20160808/index.html
18 eniaiosd_zero_2016/20160930/index.html
19 eniaiosd_zero_2016/20160923/index.html
20 eniaiosd_zero_2016/20160909/index.html
21 eniaiosd_zero_2016/20160908/index.html
22 eniaiosd_zero_2016/20160907/index.html
23 eniaiosd_zero_2016/20160810/index.html
24 eniaiosd_zero_2016/20160809/index.html
25 eniaiosd_zero_2016/20160808/index.html
26 mousika_2016/20161003/index.html
27 mousika_2016/20160809/index.html
28 mousika_orom_2016/20160824/index.html
29 pe73_2016/20160915/index.html
30 pe73_2016/20160822/index.html
31 avlonas_2016/pinakas_avlona_2016.xls
32 avlonas_2016/index.html
33 eniaios_smea_anap_16/20161007/index.html
34 eniaios_smea_anap_16/20160923/index.html
35 eniaios_smea_anap_16/20160921/index.html
36 eniaios_smea_anap_16/20160913/index.html
37 eniaios_smea_anap_16/20160909/index.html
38 eniaios_smea_anap_16/20160906/index.html
39 eniaios_smea_anap_16/20160817/index.html
40 index2015.html
41 index2014.html
42 index2013.html
43 index2012.html
44 index2011.html
45 index2010.html
46 index2009.html
47 index2008.html
48 index2007.html
49 index2006.html
50 index2005.html
51 index2004.html
52 index2003.html
